[  0%] Built target _hiwonder_servo_msgs_generate_messages_check_deps_MultiRawIdPosDur
[  0%] Built target _hiwonder_servo_msgs_generate_messages_check_deps_ActionGroupRunnerFeedback
[  0%] Built target _hiwonder_servo_msgs_generate_messages_check_deps_ActionGroupRunnerResult
[  0%] Built target _hiwonder_servo_msgs_generate_messages_check_deps_ActionGroupRunnerActionFeedback
[  0%] Built target std_msgs_generate_messages_eus
[  0%] Built target _hiwonder_servo_msgs_generate_messages_check_deps_ActionGroupRunnerActionGoal
[  0%] Built target _hiwonder_servo_msgs_generate_messages_check_deps_CommandDuration
[  0%] Built target _hiwonder_servo_msgs_generate_messages_check_deps_ActionGroupRunnerGoal
[  0%] Built target _hiwonder_servo_msgs_generate_messages_check_deps_ServoStateList
[  0%] Built target actionlib_msgs_generate_messages_eus
[  0%] Built target _hiwonder_servo_msgs_generate_messages_check_deps_ActionGroupRunnerAction
[  0%] Built target _hiwonder_servo_msgs_generate_messages_check_deps_JointState
[  0%] Built target _hiwonder_servo_msgs_generate_messages_check_deps_ServoState
[  0%] Built target _hiwonder_servo_msgs_generate_messages_check_deps_CommandDurationList
[  0%] Built target actionlib_msgs_generate_messages_py
[  0%] Built target std_msgs_generate_messages_py
[  0%] Built target std_msgs_generate_messages_nodejs
[  0%] Built target _hiwonder_servo_msgs_generate_messages_check_deps_ActionGroupRunnerActionResult
[  0%] Built target actionlib_msgs_generate_messages_nodejs
[  0%] Built target actionlib_msgs_generate_messages_cpp
[  0%] Built target _hiwonder_servo_msgs_generate_messages_check_deps_RawIdPosDur
[  0%] Built target std_msgs_generate_messages_lisp
[  0%] Built target std_msgs_generate_messages_cpp
[  0%] Built target actionlib_msgs_generate_messages_lisp
[ 20%] Built target hiwonder_servo_msgs_generate_messages_py
[ 41%] Built target hiwonder_servo_msgs_generate_messages_eus
[ 61%] Built target hiwonder_servo_msgs_generate_messages_nodejs
[ 80%] Built target hiwonder_servo_msgs_generate_messages_cpp
[100%] Built target hiwonder_servo_msgs_generate_messages_lisp
[100%] Built target hiwonder_servo_msgs_generate_messages
