Linked: (/home/robot/BASHFUL_WS/devel/.private/hiwonder_servo_msgs/share/hiwonder_servo_msgs/cmake/hiwonder_servo_msgs-msg-paths.cmake, /home/robot/BASHFUL_WS/devel/share/hiwonder_servo_msgs/cmake/hiwonder_servo_msgs-msg-paths.cmake)
Linked: (/home/robot/BASHFUL_WS/devel/.private/hiwonder_servo_msgs/share/hiwonder_servo_msgs/cmake/hiwonder_servo_msgsConfig-version.cmake, /home/robot/BASHFUL_WS/devel/share/hiwonder_servo_msgs/cmake/hiwonder_servo_msgsConfig-version.cmake)
Linked: (/home/robot/BASHFUL_WS/devel/.private/hiwonder_servo_msgs/share/hiwonder_servo_msgs/cmake/hiwonder_servo_msgsConfig.cmake, /home/robot/BASHFUL_WS/devel/share/hiwonder_servo_msgs/cmake/hiwonder_servo_msgsConfig.cmake)
Linked: (/home/robot/BASHFUL_WS/devel/.private/hiwonder_servo_msgs/share/hiwonder_servo_msgs/cmake/hiwonder_servo_msgs-msg-extras.cmake, /home/robot/BASHFUL_WS/devel/share/hiwonder_servo_msgs/cmake/hiwonder_servo_msgs-msg-extras.cmake)
Linked: (/home/robot/BASHFUL_WS/devel/.private/hiwonder_servo_msgs/share/hiwonder_servo_msgs/msg/ActionGroupRunnerActionFeedback.msg, /home/robot/BASHFUL_WS/devel/share/hiwonder_servo_msgs/msg/ActionGroupRunnerActionFeedback.msg)
Linked: (/home/robot/BASHFUL_WS/devel/.private/hiwonder_servo_msgs/share/hiwonder_servo_msgs/msg/ActionGroupRunnerAction.msg, /home/robot/BASHFUL_WS/devel/share/hiwonder_servo_msgs/msg/ActionGroupRunnerAction.msg)
Linked: (/home/robot/BASHFUL_WS/devel/.private/hiwonder_servo_msgs/share/hiwonder_servo_msgs/msg/ActionGroupRunnerFeedback.msg, /home/robot/BASHFUL_WS/devel/share/hiwonder_servo_msgs/msg/ActionGroupRunnerFeedback.msg)
Linked: (/home/robot/BASHFUL_WS/devel/.private/hiwonder_servo_msgs/share/hiwonder_servo_msgs/msg/ActionGroupRunnerResult.msg, /home/robot/BASHFUL_WS/devel/share/hiwonder_servo_msgs/msg/ActionGroupRunnerResult.msg)
Linked: (/home/robot/BASHFUL_WS/devel/.private/hiwonder_servo_msgs/share/hiwonder_servo_msgs/msg/ActionGroupRunnerGoal.msg, /home/robot/BASHFUL_WS/devel/share/hiwonder_servo_msgs/msg/ActionGroupRunnerGoal.msg)
Linked: (/home/robot/BASHFUL_WS/devel/.private/hiwonder_servo_msgs/share/hiwonder_servo_msgs/msg/ActionGroupRunnerActionResult.msg, /home/robot/BASHFUL_WS/devel/share/hiwonder_servo_msgs/msg/ActionGroupRunnerActionResult.msg)
Linked: (/home/robot/BASHFUL_WS/devel/.private/hiwonder_servo_msgs/share/hiwonder_servo_msgs/msg/ActionGroupRunnerActionGoal.msg, /home/robot/BASHFUL_WS/devel/share/hiwonder_servo_msgs/msg/ActionGroupRunnerActionGoal.msg)
Linked: (/home/robot/BASHFUL_WS/devel/.private/hiwonder_servo_msgs/share/gennodejs/ros/hiwonder_servo_msgs/_index.js, /home/robot/BASHFUL_WS/devel/share/gennodejs/ros/hiwonder_servo_msgs/_index.js)
Linked: (/home/robot/BASHFUL_WS/devel/.private/hiwonder_servo_msgs/share/gennodejs/ros/hiwonder_servo_msgs/msg/MultiRawIdPosDur.js, /home/robot/BASHFUL_WS/devel/share/gennodejs/ros/hiwonder_servo_msgs/msg/MultiRawIdPosDur.js)
Linked: (/home/robot/BASHFUL_WS/devel/.private/hiwonder_servo_msgs/share/gennodejs/ros/hiwonder_servo_msgs/msg/CommandDuration.js, /home/robot/BASHFUL_WS/devel/share/gennodejs/ros/hiwonder_servo_msgs/msg/CommandDuration.js)
Linked: (/home/robot/BASHFUL_WS/devel/.private/hiwonder_servo_msgs/share/gennodejs/ros/hiwonder_servo_msgs/msg/ActionGroupRunnerFeedback.js, /home/robot/BASHFUL_WS/devel/share/gennodejs/ros/hiwonder_servo_msgs/msg/ActionGroupRunnerFeedback.js)
Linked: (/home/robot/BASHFUL_WS/devel/.private/hiwonder_servo_msgs/share/gennodejs/ros/hiwonder_servo_msgs/msg/ActionGroupRunnerActionGoal.js, /home/robot/BASHFUL_WS/devel/share/gennodejs/ros/hiwonder_servo_msgs/msg/ActionGroupRunnerActionGoal.js)
Linked: (/home/robot/BASHFUL_WS/devel/.private/hiwonder_servo_msgs/share/gennodejs/ros/hiwonder_servo_msgs/msg/ServoState.js, /home/robot/BASHFUL_WS/devel/share/gennodejs/ros/hiwonder_servo_msgs/msg/ServoState.js)
Linked: (/home/robot/BASHFUL_WS/devel/.private/hiwonder_servo_msgs/share/gennodejs/ros/hiwonder_servo_msgs/msg/JointState.js, /home/robot/BASHFUL_WS/devel/share/gennodejs/ros/hiwonder_servo_msgs/msg/JointState.js)
Linked: (/home/robot/BASHFUL_WS/devel/.private/hiwonder_servo_msgs/share/gennodejs/ros/hiwonder_servo_msgs/msg/ServoStateList.js, /home/robot/BASHFUL_WS/devel/share/gennodejs/ros/hiwonder_servo_msgs/msg/ServoStateList.js)
Linked: (/home/robot/BASHFUL_WS/devel/.private/hiwonder_servo_msgs/share/gennodejs/ros/hiwonder_servo_msgs/msg/_index.js, /home/robot/BASHFUL_WS/devel/share/gennodejs/ros/hiwonder_servo_msgs/msg/_index.js)
Linked: (/home/robot/BASHFUL_WS/devel/.private/hiwonder_servo_msgs/share/gennodejs/ros/hiwonder_servo_msgs/msg/CommandDurationList.js, /home/robot/BASHFUL_WS/devel/share/gennodejs/ros/hiwonder_servo_msgs/msg/CommandDurationList.js)
Linked: (/home/robot/BASHFUL_WS/devel/.private/hiwonder_servo_msgs/share/gennodejs/ros/hiwonder_servo_msgs/msg/ActionGroupRunnerActionFeedback.js, /home/robot/BASHFUL_WS/devel/share/gennodejs/ros/hiwonder_servo_msgs/msg/ActionGroupRunnerActionFeedback.js)
Linked: (/home/robot/BASHFUL_WS/devel/.private/hiwonder_servo_msgs/share/gennodejs/ros/hiwonder_servo_msgs/msg/RawIdPosDur.js, /home/robot/BASHFUL_WS/devel/share/gennodejs/ros/hiwonder_servo_msgs/msg/RawIdPosDur.js)
Linked: (/home/robot/BASHFUL_WS/devel/.private/hiwonder_servo_msgs/share/gennodejs/ros/hiwonder_servo_msgs/msg/ActionGroupRunnerResult.js, /home/robot/BASHFUL_WS/devel/share/gennodejs/ros/hiwonder_servo_msgs/msg/ActionGroupRunnerResult.js)
Linked: (/home/robot/BASHFUL_WS/devel/.private/hiwonder_servo_msgs/share/gennodejs/ros/hiwonder_servo_msgs/msg/ActionGroupRunnerAction.js, /home/robot/BASHFUL_WS/devel/share/gennodejs/ros/hiwonder_servo_msgs/msg/ActionGroupRunnerAction.js)
Linked: (/home/robot/BASHFUL_WS/devel/.private/hiwonder_servo_msgs/share/gennodejs/ros/hiwonder_servo_msgs/msg/ActionGroupRunnerActionResult.js, /home/robot/BASHFUL_WS/devel/share/gennodejs/ros/hiwonder_servo_msgs/msg/ActionGroupRunnerActionResult.js)
Linked: (/home/robot/BASHFUL_WS/devel/.private/hiwonder_servo_msgs/share/gennodejs/ros/hiwonder_servo_msgs/msg/ActionGroupRunnerGoal.js, /home/robot/BASHFUL_WS/devel/share/gennodejs/ros/hiwonder_servo_msgs/msg/ActionGroupRunnerGoal.js)
Linked: (/home/robot/BASHFUL_WS/devel/.private/hiwonder_servo_msgs/share/roseus/ros/hiwonder_servo_msgs/manifest.l, /home/robot/BASHFUL_WS/devel/share/roseus/ros/hiwonder_servo_msgs/manifest.l)
Linked: (/home/robot/BASHFUL_WS/devel/.private/hiwonder_servo_msgs/share/roseus/ros/hiwonder_servo_msgs/msg/ActionGroupRunnerAction.l, /home/robot/BASHFUL_WS/devel/share/roseus/ros/hiwonder_servo_msgs/msg/ActionGroupRunnerAction.l)
Linked: (/home/robot/BASHFUL_WS/devel/.private/hiwonder_servo_msgs/share/roseus/ros/hiwonder_servo_msgs/msg/ActionGroupRunnerActionResult.l, /home/robot/BASHFUL_WS/devel/share/roseus/ros/hiwonder_servo_msgs/msg/ActionGroupRunnerActionResult.l)
Linked: (/home/robot/BASHFUL_WS/devel/.private/hiwonder_servo_msgs/share/roseus/ros/hiwonder_servo_msgs/msg/ActionGroupRunnerActionGoal.l, /home/robot/BASHFUL_WS/devel/share/roseus/ros/hiwonder_servo_msgs/msg/ActionGroupRunnerActionGoal.l)
Linked: (/home/robot/BASHFUL_WS/devel/.private/hiwonder_servo_msgs/share/roseus/ros/hiwonder_servo_msgs/msg/ServoState.l, /home/robot/BASHFUL_WS/devel/share/roseus/ros/hiwonder_servo_msgs/msg/ServoState.l)
Linked: (/home/robot/BASHFUL_WS/devel/.private/hiwonder_servo_msgs/share/roseus/ros/hiwonder_servo_msgs/msg/CommandDuration.l, /home/robot/BASHFUL_WS/devel/share/roseus/ros/hiwonder_servo_msgs/msg/CommandDuration.l)
Linked: (/home/robot/BASHFUL_WS/devel/.private/hiwonder_servo_msgs/share/roseus/ros/hiwonder_servo_msgs/msg/JointState.l, /home/robot/BASHFUL_WS/devel/share/roseus/ros/hiwonder_servo_msgs/msg/JointState.l)
Linked: (/home/robot/BASHFUL_WS/devel/.private/hiwonder_servo_msgs/share/roseus/ros/hiwonder_servo_msgs/msg/ActionGroupRunnerFeedback.l, /home/robot/BASHFUL_WS/devel/share/roseus/ros/hiwonder_servo_msgs/msg/ActionGroupRunnerFeedback.l)
Linked: (/home/robot/BASHFUL_WS/devel/.private/hiwonder_servo_msgs/share/roseus/ros/hiwonder_servo_msgs/msg/ActionGroupRunnerActionFeedback.l, /home/robot/BASHFUL_WS/devel/share/roseus/ros/hiwonder_servo_msgs/msg/ActionGroupRunnerActionFeedback.l)
Linked: (/home/robot/BASHFUL_WS/devel/.private/hiwonder_servo_msgs/share/roseus/ros/hiwonder_servo_msgs/msg/CommandDurationList.l, /home/robot/BASHFUL_WS/devel/share/roseus/ros/hiwonder_servo_msgs/msg/CommandDurationList.l)
Linked: (/home/robot/BASHFUL_WS/devel/.private/hiwonder_servo_msgs/share/roseus/ros/hiwonder_servo_msgs/msg/RawIdPosDur.l, /home/robot/BASHFUL_WS/devel/share/roseus/ros/hiwonder_servo_msgs/msg/RawIdPosDur.l)
Linked: (/home/robot/BASHFUL_WS/devel/.private/hiwonder_servo_msgs/share/roseus/ros/hiwonder_servo_msgs/msg/ActionGroupRunnerGoal.l, /home/robot/BASHFUL_WS/devel/share/roseus/ros/hiwonder_servo_msgs/msg/ActionGroupRunnerGoal.l)
Linked: (/home/robot/BASHFUL_WS/devel/.private/hiwonder_servo_msgs/share/roseus/ros/hiwonder_servo_msgs/msg/ActionGroupRunnerResult.l, /home/robot/BASHFUL_WS/devel/share/roseus/ros/hiwonder_servo_msgs/msg/ActionGroupRunnerResult.l)
Linked: (/home/robot/BASHFUL_WS/devel/.private/hiwonder_servo_msgs/share/roseus/ros/hiwonder_servo_msgs/msg/ServoStateList.l, /home/robot/BASHFUL_WS/devel/share/roseus/ros/hiwonder_servo_msgs/msg/ServoStateList.l)
Linked: (/home/robot/BASHFUL_WS/devel/.private/hiwonder_servo_msgs/share/roseus/ros/hiwonder_servo_msgs/msg/MultiRawIdPosDur.l, /home/robot/BASHFUL_WS/devel/share/roseus/ros/hiwonder_servo_msgs/msg/MultiRawIdPosDur.l)
Linked: (/home/robot/BASHFUL_WS/devel/.private/hiwonder_servo_msgs/share/common-lisp/ros/hiwonder_servo_msgs/msg/ActionGroupRunnerAction.lisp, /home/robot/BASHFUL_WS/devel/share/common-lisp/ros/hiwonder_servo_msgs/msg/ActionGroupRunnerAction.lisp)
Linked: (/home/robot/BASHFUL_WS/devel/.private/hiwonder_servo_msgs/share/common-lisp/ros/hiwonder_servo_msgs/msg/_package_CommandDurationList.lisp, /home/robot/BASHFUL_WS/devel/share/common-lisp/ros/hiwonder_servo_msgs/msg/_package_CommandDurationList.lisp)
Linked: (/home/robot/BASHFUL_WS/devel/.private/hiwonder_servo_msgs/share/common-lisp/ros/hiwonder_servo_msgs/msg/hiwonder_servo_msgs-msg.asd, /home/robot/BASHFUL_WS/devel/share/common-lisp/ros/hiwonder_servo_msgs/msg/hiwonder_servo_msgs-msg.asd)
Linked: (/home/robot/BASHFUL_WS/devel/.private/hiwonder_servo_msgs/share/common-lisp/ros/hiwonder_servo_msgs/msg/_package_ServoStateList.lisp, /home/robot/BASHFUL_WS/devel/share/common-lisp/ros/hiwonder_servo_msgs/msg/_package_ServoStateList.lisp)
Linked: (/home/robot/BASHFUL_WS/devel/.private/hiwonder_servo_msgs/share/common-lisp/ros/hiwonder_servo_msgs/msg/CommandDurationList.lisp, /home/robot/BASHFUL_WS/devel/share/common-lisp/ros/hiwonder_servo_msgs/msg/CommandDurationList.lisp)
Linked: (/home/robot/BASHFUL_WS/devel/.private/hiwonder_servo_msgs/share/common-lisp/ros/hiwonder_servo_msgs/msg/_package_ActionGroupRunnerResult.lisp, /home/robot/BASHFUL_WS/devel/share/common-lisp/ros/hiwonder_servo_msgs/msg/_package_ActionGroupRunnerResult.lisp)
Linked: (/home/robot/BASHFUL_WS/devel/.private/hiwonder_servo_msgs/share/common-lisp/ros/hiwonder_servo_msgs/msg/_package_RawIdPosDur.lisp, /home/robot/BASHFUL_WS/devel/share/common-lisp/ros/hiwonder_servo_msgs/msg/_package_RawIdPosDur.lisp)
Linked: (/home/robot/BASHFUL_WS/devel/.private/hiwonder_servo_msgs/share/common-lisp/ros/hiwonder_servo_msgs/msg/MultiRawIdPosDur.lisp, /home/robot/BASHFUL_WS/devel/share/common-lisp/ros/hiwonder_servo_msgs/msg/MultiRawIdPosDur.lisp)
Linked: (/home/robot/BASHFUL_WS/devel/.private/hiwonder_servo_msgs/share/common-lisp/ros/hiwonder_servo_msgs/msg/JointState.lisp, /home/robot/BASHFUL_WS/devel/share/common-lisp/ros/hiwonder_servo_msgs/msg/JointState.lisp)
Linked: (/home/robot/BASHFUL_WS/devel/.private/hiwonder_servo_msgs/share/common-lisp/ros/hiwonder_servo_msgs/msg/_package_JointState.lisp, /home/robot/BASHFUL_WS/devel/share/common-lisp/ros/hiwonder_servo_msgs/msg/_package_JointState.lisp)
Linked: (/home/robot/BASHFUL_WS/devel/.private/hiwonder_servo_msgs/share/common-lisp/ros/hiwonder_servo_msgs/msg/ActionGroupRunnerActionResult.lisp, /home/robot/BASHFUL_WS/devel/share/common-lisp/ros/hiwonder_servo_msgs/msg/ActionGroupRunnerActionResult.lisp)
Linked: (/home/robot/BASHFUL_WS/devel/.private/hiwonder_servo_msgs/share/common-lisp/ros/hiwonder_servo_msgs/msg/_package_ActionGroupRunnerActionResult.lisp, /home/robot/BASHFUL_WS/devel/share/common-lisp/ros/hiwonder_servo_msgs/msg/_package_ActionGroupRunnerActionResult.lisp)
Linked: (/home/robot/BASHFUL_WS/devel/.private/hiwonder_servo_msgs/share/common-lisp/ros/hiwonder_servo_msgs/msg/ServoState.lisp, /home/robot/BASHFUL_WS/devel/share/common-lisp/ros/hiwonder_servo_msgs/msg/ServoState.lisp)
Linked: (/home/robot/BASHFUL_WS/devel/.private/hiwonder_servo_msgs/share/common-lisp/ros/hiwonder_servo_msgs/msg/_package_ActionGroupRunnerAction.lisp, /home/robot/BASHFUL_WS/devel/share/common-lisp/ros/hiwonder_servo_msgs/msg/_package_ActionGroupRunnerAction.lisp)
Linked: (/home/robot/BASHFUL_WS/devel/.private/hiwonder_servo_msgs/share/common-lisp/ros/hiwonder_servo_msgs/msg/CommandDuration.lisp, /home/robot/BASHFUL_WS/devel/share/common-lisp/ros/hiwonder_servo_msgs/msg/CommandDuration.lisp)
Linked: (/home/robot/BASHFUL_WS/devel/.private/hiwonder_servo_msgs/share/common-lisp/ros/hiwonder_servo_msgs/msg/ActionGroupRunnerResult.lisp, /home/robot/BASHFUL_WS/devel/share/common-lisp/ros/hiwonder_servo_msgs/msg/ActionGroupRunnerResult.lisp)
Linked: (/home/robot/BASHFUL_WS/devel/.private/hiwonder_servo_msgs/share/common-lisp/ros/hiwonder_servo_msgs/msg/_package_CommandDuration.lisp, /home/robot/BASHFUL_WS/devel/share/common-lisp/ros/hiwonder_servo_msgs/msg/_package_CommandDuration.lisp)
Linked: (/home/robot/BASHFUL_WS/devel/.private/hiwonder_servo_msgs/share/common-lisp/ros/hiwonder_servo_msgs/msg/ActionGroupRunnerActionFeedback.lisp, /home/robot/BASHFUL_WS/devel/share/common-lisp/ros/hiwonder_servo_msgs/msg/ActionGroupRunnerActionFeedback.lisp)
Linked: (/home/robot/BASHFUL_WS/devel/.private/hiwonder_servo_msgs/share/common-lisp/ros/hiwonder_servo_msgs/msg/_package_ActionGroupRunnerActionFeedback.lisp, /home/robot/BASHFUL_WS/devel/share/common-lisp/ros/hiwonder_servo_msgs/msg/_package_ActionGroupRunnerActionFeedback.lisp)
Linked: (/home/robot/BASHFUL_WS/devel/.private/hiwonder_servo_msgs/share/common-lisp/ros/hiwonder_servo_msgs/msg/RawIdPosDur.lisp, /home/robot/BASHFUL_WS/devel/share/common-lisp/ros/hiwonder_servo_msgs/msg/RawIdPosDur.lisp)
Linked: (/home/robot/BASHFUL_WS/devel/.private/hiwonder_servo_msgs/share/common-lisp/ros/hiwonder_servo_msgs/msg/ServoStateList.lisp, /home/robot/BASHFUL_WS/devel/share/common-lisp/ros/hiwonder_servo_msgs/msg/ServoStateList.lisp)
Linked: (/home/robot/BASHFUL_WS/devel/.private/hiwonder_servo_msgs/share/common-lisp/ros/hiwonder_servo_msgs/msg/_package_ActionGroupRunnerFeedback.lisp, /home/robot/BASHFUL_WS/devel/share/common-lisp/ros/hiwonder_servo_msgs/msg/_package_ActionGroupRunnerFeedback.lisp)
Linked: (/home/robot/BASHFUL_WS/devel/.private/hiwonder_servo_msgs/share/common-lisp/ros/hiwonder_servo_msgs/msg/ActionGroupRunnerGoal.lisp, /home/robot/BASHFUL_WS/devel/share/common-lisp/ros/hiwonder_servo_msgs/msg/ActionGroupRunnerGoal.lisp)
Linked: (/home/robot/BASHFUL_WS/devel/.private/hiwonder_servo_msgs/share/common-lisp/ros/hiwonder_servo_msgs/msg/_package_MultiRawIdPosDur.lisp, /home/robot/BASHFUL_WS/devel/share/common-lisp/ros/hiwonder_servo_msgs/msg/_package_MultiRawIdPosDur.lisp)
Linked: (/home/robot/BASHFUL_WS/devel/.private/hiwonder_servo_msgs/share/common-lisp/ros/hiwonder_servo_msgs/msg/_package_ActionGroupRunnerActionGoal.lisp, /home/robot/BASHFUL_WS/devel/share/common-lisp/ros/hiwonder_servo_msgs/msg/_package_ActionGroupRunnerActionGoal.lisp)
Linked: (/home/robot/BASHFUL_WS/devel/.private/hiwonder_servo_msgs/share/common-lisp/ros/hiwonder_servo_msgs/msg/ActionGroupRunnerFeedback.lisp, /home/robot/BASHFUL_WS/devel/share/common-lisp/ros/hiwonder_servo_msgs/msg/ActionGroupRunnerFeedback.lisp)
Linked: (/home/robot/BASHFUL_WS/devel/.private/hiwonder_servo_msgs/share/common-lisp/ros/hiwonder_servo_msgs/msg/_package_ActionGroupRunnerGoal.lisp, /home/robot/BASHFUL_WS/devel/share/common-lisp/ros/hiwonder_servo_msgs/msg/_package_ActionGroupRunnerGoal.lisp)
Linked: (/home/robot/BASHFUL_WS/devel/.private/hiwonder_servo_msgs/share/common-lisp/ros/hiwonder_servo_msgs/msg/ActionGroupRunnerActionGoal.lisp, /home/robot/BASHFUL_WS/devel/share/common-lisp/ros/hiwonder_servo_msgs/msg/ActionGroupRunnerActionGoal.lisp)
Linked: (/home/robot/BASHFUL_WS/devel/.private/hiwonder_servo_msgs/share/common-lisp/ros/hiwonder_servo_msgs/msg/_package_ServoState.lisp, /home/robot/BASHFUL_WS/devel/share/common-lisp/ros/hiwonder_servo_msgs/msg/_package_ServoState.lisp)
Linked: (/home/robot/BASHFUL_WS/devel/.private/hiwonder_servo_msgs/share/common-lisp/ros/hiwonder_servo_msgs/msg/_package.lisp, /home/robot/BASHFUL_WS/devel/share/common-lisp/ros/hiwonder_servo_msgs/msg/_package.lisp)
Linked: (/home/robot/BASHFUL_WS/devel/.private/hiwonder_servo_msgs/include/hiwonder_servo_msgs/RawIdPosDur.h, /home/robot/BASHFUL_WS/devel/include/hiwonder_servo_msgs/RawIdPosDur.h)
Linked: (/home/robot/BASHFUL_WS/devel/.private/hiwonder_servo_msgs/include/hiwonder_servo_msgs/ServoStateList.h, /home/robot/BASHFUL_WS/devel/include/hiwonder_servo_msgs/ServoStateList.h)
Linked: (/home/robot/BASHFUL_WS/devel/.private/hiwonder_servo_msgs/include/hiwonder_servo_msgs/ActionGroupRunnerResult.h, /home/robot/BASHFUL_WS/devel/include/hiwonder_servo_msgs/ActionGroupRunnerResult.h)
Linked: (/home/robot/BASHFUL_WS/devel/.private/hiwonder_servo_msgs/include/hiwonder_servo_msgs/MultiRawIdPosDur.h, /home/robot/BASHFUL_WS/devel/include/hiwonder_servo_msgs/MultiRawIdPosDur.h)
Linked: (/home/robot/BASHFUL_WS/devel/.private/hiwonder_servo_msgs/include/hiwonder_servo_msgs/ActionGroupRunnerActionGoal.h, /home/robot/BASHFUL_WS/devel/include/hiwonder_servo_msgs/ActionGroupRunnerActionGoal.h)
Linked: (/home/robot/BASHFUL_WS/devel/.private/hiwonder_servo_msgs/include/hiwonder_servo_msgs/ActionGroupRunnerActionFeedback.h, /home/robot/BASHFUL_WS/devel/include/hiwonder_servo_msgs/ActionGroupRunnerActionFeedback.h)
Linked: (/home/robot/BASHFUL_WS/devel/.private/hiwonder_servo_msgs/include/hiwonder_servo_msgs/ServoState.h, /home/robot/BASHFUL_WS/devel/include/hiwonder_servo_msgs/ServoState.h)
Linked: (/home/robot/BASHFUL_WS/devel/.private/hiwonder_servo_msgs/include/hiwonder_servo_msgs/JointState.h, /home/robot/BASHFUL_WS/devel/include/hiwonder_servo_msgs/JointState.h)
Linked: (/home/robot/BASHFUL_WS/devel/.private/hiwonder_servo_msgs/include/hiwonder_servo_msgs/CommandDuration.h, /home/robot/BASHFUL_WS/devel/include/hiwonder_servo_msgs/CommandDuration.h)
Linked: (/home/robot/BASHFUL_WS/devel/.private/hiwonder_servo_msgs/include/hiwonder_servo_msgs/ActionGroupRunnerActionResult.h, /home/robot/BASHFUL_WS/devel/include/hiwonder_servo_msgs/ActionGroupRunnerActionResult.h)
Linked: (/home/robot/BASHFUL_WS/devel/.private/hiwonder_servo_msgs/include/hiwonder_servo_msgs/ActionGroupRunnerAction.h, /home/robot/BASHFUL_WS/devel/include/hiwonder_servo_msgs/ActionGroupRunnerAction.h)
Linked: (/home/robot/BASHFUL_WS/devel/.private/hiwonder_servo_msgs/include/hiwonder_servo_msgs/CommandDurationList.h, /home/robot/BASHFUL_WS/devel/include/hiwonder_servo_msgs/CommandDurationList.h)
Linked: (/home/robot/BASHFUL_WS/devel/.private/hiwonder_servo_msgs/include/hiwonder_servo_msgs/ActionGroupRunnerFeedback.h, /home/robot/BASHFUL_WS/devel/include/hiwonder_servo_msgs/ActionGroupRunnerFeedback.h)
Linked: (/home/robot/BASHFUL_WS/devel/.private/hiwonder_servo_msgs/include/hiwonder_servo_msgs/ActionGroupRunnerGoal.h, /home/robot/BASHFUL_WS/devel/include/hiwonder_servo_msgs/ActionGroupRunnerGoal.h)
Linked: (/home/robot/BASHFUL_WS/devel/.private/hiwonder_servo_msgs/lib/pkgconfig/hiwonder_servo_msgs.pc, /home/robot/BASHFUL_WS/devel/lib/pkgconfig/hiwonder_servo_msgs.pc)
Linked: (/home/robot/BASHFUL_WS/devel/.private/hiwonder_servo_msgs/lib/python3/dist-packages/hiwonder_servo_msgs/__init__.py, /home/robot/BASHFUL_WS/devel/lib/python3/dist-packages/hiwonder_servo_msgs/__init__.py)
Linked: (/home/robot/BASHFUL_WS/devel/.private/hiwonder_servo_msgs/lib/python3/dist-packages/hiwonder_servo_msgs/msg/_ActionGroupRunnerActionFeedback.py, /home/robot/BASHFUL_WS/devel/lib/python3/dist-packages/hiwonder_servo_msgs/msg/_ActionGroupRunnerActionFeedback.py)
Linked: (/home/robot/BASHFUL_WS/devel/.private/hiwonder_servo_msgs/lib/python3/dist-packages/hiwonder_servo_msgs/msg/_ActionGroupRunnerActionGoal.py, /home/robot/BASHFUL_WS/devel/lib/python3/dist-packages/hiwonder_servo_msgs/msg/_ActionGroupRunnerActionGoal.py)
Linked: (/home/robot/BASHFUL_WS/devel/.private/hiwonder_servo_msgs/lib/python3/dist-packages/hiwonder_servo_msgs/msg/_CommandDuration.py, /home/robot/BASHFUL_WS/devel/lib/python3/dist-packages/hiwonder_servo_msgs/msg/_CommandDuration.py)
Linked: (/home/robot/BASHFUL_WS/devel/.private/hiwonder_servo_msgs/lib/python3/dist-packages/hiwonder_servo_msgs/msg/_ActionGroupRunnerActionResult.py, /home/robot/BASHFUL_WS/devel/lib/python3/dist-packages/hiwonder_servo_msgs/msg/_ActionGroupRunnerActionResult.py)
Linked: (/home/robot/BASHFUL_WS/devel/.private/hiwonder_servo_msgs/lib/python3/dist-packages/hiwonder_servo_msgs/msg/_MultiRawIdPosDur.py, /home/robot/BASHFUL_WS/devel/lib/python3/dist-packages/hiwonder_servo_msgs/msg/_MultiRawIdPosDur.py)
Linked: (/home/robot/BASHFUL_WS/devel/.private/hiwonder_servo_msgs/lib/python3/dist-packages/hiwonder_servo_msgs/msg/_RawIdPosDur.py, /home/robot/BASHFUL_WS/devel/lib/python3/dist-packages/hiwonder_servo_msgs/msg/_RawIdPosDur.py)
Linked: (/home/robot/BASHFUL_WS/devel/.private/hiwonder_servo_msgs/lib/python3/dist-packages/hiwonder_servo_msgs/msg/_ActionGroupRunnerAction.py, /home/robot/BASHFUL_WS/devel/lib/python3/dist-packages/hiwonder_servo_msgs/msg/_ActionGroupRunnerAction.py)
Linked: (/home/robot/BASHFUL_WS/devel/.private/hiwonder_servo_msgs/lib/python3/dist-packages/hiwonder_servo_msgs/msg/_ServoState.py, /home/robot/BASHFUL_WS/devel/lib/python3/dist-packages/hiwonder_servo_msgs/msg/_ServoState.py)
Linked: (/home/robot/BASHFUL_WS/devel/.private/hiwonder_servo_msgs/lib/python3/dist-packages/hiwonder_servo_msgs/msg/_ActionGroupRunnerResult.py, /home/robot/BASHFUL_WS/devel/lib/python3/dist-packages/hiwonder_servo_msgs/msg/_ActionGroupRunnerResult.py)
Linked: (/home/robot/BASHFUL_WS/devel/.private/hiwonder_servo_msgs/lib/python3/dist-packages/hiwonder_servo_msgs/msg/_ActionGroupRunnerGoal.py, /home/robot/BASHFUL_WS/devel/lib/python3/dist-packages/hiwonder_servo_msgs/msg/_ActionGroupRunnerGoal.py)
Linked: (/home/robot/BASHFUL_WS/devel/.private/hiwonder_servo_msgs/lib/python3/dist-packages/hiwonder_servo_msgs/msg/_ActionGroupRunnerFeedback.py, /home/robot/BASHFUL_WS/devel/lib/python3/dist-packages/hiwonder_servo_msgs/msg/_ActionGroupRunnerFeedback.py)
Linked: (/home/robot/BASHFUL_WS/devel/.private/hiwonder_servo_msgs/lib/python3/dist-packages/hiwonder_servo_msgs/msg/__init__.py, /home/robot/BASHFUL_WS/devel/lib/python3/dist-packages/hiwonder_servo_msgs/msg/__init__.py)
Linked: (/home/robot/BASHFUL_WS/devel/.private/hiwonder_servo_msgs/lib/python3/dist-packages/hiwonder_servo_msgs/msg/_ServoStateList.py, /home/robot/BASHFUL_WS/devel/lib/python3/dist-packages/hiwonder_servo_msgs/msg/_ServoStateList.py)
Linked: (/home/robot/BASHFUL_WS/devel/.private/hiwonder_servo_msgs/lib/python3/dist-packages/hiwonder_servo_msgs/msg/_CommandDurationList.py, /home/robot/BASHFUL_WS/devel/lib/python3/dist-packages/hiwonder_servo_msgs/msg/_CommandDurationList.py)
Linked: (/home/robot/BASHFUL_WS/devel/.private/hiwonder_servo_msgs/lib/python3/dist-packages/hiwonder_servo_msgs/msg/_JointState.py, /home/robot/BASHFUL_WS/devel/lib/python3/dist-packages/hiwonder_servo_msgs/msg/_JointState.py)
